Building Interactive Real-time Ray Tracer (GPU)
Features: SDL2 window, OpenGL fragment shaders, Quality levels 1-3
g++ -std=c++17 -Wall -Wextra -Xpreprocessor -fopenmp -O3 -march=native -mavx2 -mfma -ffast-math -Isrc -Iexternal -I/usr/local/opt/libomp/include -I/usr/local/opt/sdl2/include -I/usr/local/opt/glew/include \
		-DUSE_GPU_RENDERER \
		src/main_interactive.cpp src/renderer/renderer.cpp \
		-o build/raytracer_interactive_gpu -L/usr/local/opt/libomp/lib -lomp -L/usr/local/opt/sdl2/lib -lSDL2 -lSDL2_ttf -L/usr/local/opt/glew/lib -lGLEW -framework OpenGL
In file included from src/main_interactive.cpp:25:
/Applications/Xcode.app/Contents/Developer/Platforms/MacOSX.platform/Developer/SDKs/MacOSX.sdk/System/Library/Frameworks/OpenGL.framework/Headers/gl3.h:15:2: warning: gl.h and gl3.h are both included.  Compiler will not invoke errors if using removed OpenGL functionality. [-W#warnings]
   15 | #warning gl.h and gl3.h are both included.  Compiler will not invoke errors if using removed OpenGL functionality.
      |  ^
src/main_interactive.cpp:766:22: warning: unused variable 'glGetUniformLocation' [-Wunused-variable]
  766 |                 auto glGetUniformLocation = (GLint (*)(GLuint, const GLchar *))SDL_GL_GetProcAddress("glGetUniformLocation");
      |                      ^~~~~~~~~~~~~~~~~~~~
src/main_interactive.cpp:767:22: warning: unused variable 'glUniform1f' [-Wunused-variable]
  767 |                 auto glUniform1f = (void (*)(GLint, GLfloat))SDL_GL_GetProcAddress("glUniform1f");
      |                      ^~~~~~~~~~~
src/main_interactive.cpp:768:22: warning: unused variable 'glUniform2f' [-Wunused-variable]
  768 |                 auto glUniform2f = (void (*)(GLint, GLfloat, GLfloat))SDL_GL_GetProcAddress("glUniform2f");
      |                      ^~~~~~~~~~~
src/main_interactive.cpp:769:22: warning: unused variable 'glUniform3f' [-Wunused-variable]
  769 |                 auto glUniform3f = (void (*)(GLint, GLfloat, GLfloat, GLfloat))SDL_GL_GetProcAddress("glUniform3f");
      |                      ^~~~~~~~~~~
src/main_interactive.cpp:770:22: warning: unused variable 'glUniform3fv' [-Wunused-variable]
  770 |                 auto glUniform3fv = (void (*)(GLint, GLsizei, const GLfloat *))SDL_GL_GetProcAddress("glUniform3fv");
      |                      ^~~~~~~~~~~~
src/main_interactive.cpp:771:22: warning: unused variable 'glUniform1fv' [-Wunused-variable]
  771 |                 auto glUniform1fv = (void (*)(GLint, GLsizei, const GLfloat *))SDL_GL_GetProcAddress("glUniform1fv");
      |                      ^~~~~~~~~~~~
src/main_interactive.cpp:772:22: warning: unused variable 'glUniform1i' [-Wunused-variable]
  772 |                 auto glUniform1i = (void (*)(GLint, GLint))SDL_GL_GetProcAddress("glUniform1i");
      |                      ^~~~~~~~~~~
src/main_interactive.cpp:773:22: warning: unused variable 'glDrawArrays' [-Wunused-variable]
  773 |                 auto glDrawArrays = (void (*)(GLenum, GLint, GLsizei))SDL_GL_GetProcAddress("glDrawArrays");
      |                      ^~~~~~~~~~~~
src/main_interactive.cpp:774:22: warning: unused variable 'glViewport' [-Wunused-variable]
  774 |                 auto glViewport = (void (*)(GLint, GLint, GLsizei, GLsizei))SDL_GL_GetProcAddress("glViewport");
      |                      ^~~~~~~~~~
src/main_interactive.cpp:775:22: warning: unused variable 'glClearColor' [-Wunused-variable]
  775 |                 auto glClearColor = (void (*)(GLfloat, GLfloat, GLfloat, GLfloat))SDL_GL_GetProcAddress("glClearColor");
      |                      ^~~~~~~~~~~~
src/main_interactive.cpp:776:22: warning: unused variable 'glClear' [-Wunused-variable]
  776 |                 auto glClear = (void (*)(GLbitfield))SDL_GL_GetProcAddress("glClear");
      |                      ^~~~~~~
src/main_interactive.cpp:848:18: warning: unused variable 'glUniform2f' [-Wunused-variable]
  848 |             auto glUniform2f = (void (*)(GLint, GLfloat, GLfloat))SDL_GL_GetProcAddress("glUniform2f");
      |                  ^~~~~~~~~~~
src/main_interactive.cpp:852:18: warning: unused variable 'glUniform3fv' [-Wunused-variable]
  852 |             auto glUniform3fv = (void (*)(GLint, GLsizei, const GLfloat *))SDL_GL_GetProcAddress("glUniform3fv");
      |                  ^~~~~~~~~~~~
src/main_interactive.cpp:853:18: warning: unused variable 'glUniform1fv' [-Wunused-variable]
  853 |             auto glUniform1fv = (void (*)(GLint, GLsizei, const GLfloat *))SDL_GL_GetProcAddress("glUniform1fv");
      |                  ^~~~~~~~~~~~
15 warnings generated.
✓ Interactive GPU built: build/raytracer_interactive_gpu
