GPU Ray Tracer Logging Started
OpenGL 3.3 context created
Shader program created, id=3
Shader program linked successfully
Setting camera uniforms
  camera_pos loc: 43
  camera_target loc: 46
  camera_up loc: 44
  vfov loc: 58
  aspect_ratio loc: 22
Quality: Medium (samples=4, depth=3)
Setting 10 spheres
Camera: 0, 1, 3
Sphere 0 center: (0, 0, -5.5) radius: 5
Sphere 1 center: (0, -5.5, 0) radius: 5
Sphere 2 center: (0, 5.5, 0) radius: 5
Sphere 3 center: (-5.5, 0, 0) radius: 5
Sphere 4 center: (5.5, 0, 0) radius: 5
Sphere 5 center: (0, 0, 0) radius: 0.5
Sphere 6 center: (-1.2, 0.2, -0.5) radius: 0.35
Sphere 7 center: (1.2, -0.1, -0.8) radius: 0.4
Sphere 8 center: (0, -0.5, 0.5) radius: 0.25
Sphere 9 center: (-0.6, -0.4, 0.8) radius: 0.2
Drawing...
Setting camera uniforms
  camera_pos loc: 43
  camera_target loc: 46
  camera_up loc: 44
  vfov loc: 58
  aspect_ratio loc: 22
Quality: Medium (samples=4, depth=3)
Setting 10 spheres
Camera: 0, 1, 3
Sphere 0 center: (0, 0, -5.5) radius: 5
Sphere 1 center: (0, -5.5, 0) radius: 5
Sphere 2 center: (0, 5.5, 0) radius: 5
Sphere 3 center: (-5.5, 0, 0) radius: 5
Sphere 4 center: (5.5, 0, 0) radius: 5
Sphere 5 center: (0, 0, 0) radius: 0.5
Sphere 6 center: (-1.2, 0.2, -0.5) radius: 0.35
Sphere 7 center: (1.2, -0.1, -0.8) radius: 0.4
Sphere 8 center: (0, -0.5, 0.5) radius: 0.25
Sphere 9 center: (-0.6, -0.4, 0.8) radius: 0.2
Drawing...
Setting camera uniforms
  camera_pos loc: 43
  camera_target loc: 46
  camera_up loc: 44
  vfov loc: 58
  aspect_ratio loc: 22
Quality: Medium (samples=4, depth=3)
Setting 10 spheres
Camera: 0, 1, 3
Sphere 0 center: (0, 0, -5.5) radius: 5
Sphere 1 center: (0, -5.5, 0) radius: 5
Sphere 2 center: (0, 5.5, 0) radius: 5
Sphere 3 center: (-5.5, 0, 0) radius: 5
Sphere 4 center: (5.5, 0, 0) radius: 5
Sphere 5 center: (0, 0, 0) radius: 0.5
Sphere 6 center: (-1.2, 0.2, -0.5) radius: 0.35
Sphere 7 center: (1.2, -0.1, -0.8) radius: 0.4
Sphere 8 center: (0, -0.5, 0.5) radius: 0.25
Sphere 9 center: (-0.6, -0.4, 0.8) radius: 0.2
Drawing...
Setting camera uniforms
  camera_pos loc: 43
  camera_target loc: 46
  camera_up loc: 44
  vfov loc: 58
  aspect_ratio loc: 22
Quality: Medium (samples=4, depth=3)
Setting 10 spheres
Camera: 0, 1, 3
Sphere 0 center: (0, 0, -5.5) radius: 5
Sphere 1 center: (0, -5.5, 0) radius: 5
Sphere 2 center: (0, 5.5, 0) radius: 5
Sphere 3 center: (-5.5, 0, 0) radius: 5
Sphere 4 center: (5.5, 0, 0) radius: 5
Sphere 5 center: (0, 0, 0) radius: 0.5
Sphere 6 center: (-1.2, 0.2, -0.5) radius: 0.35
Sphere 7 center: (1.2, -0.1, -0.8) radius: 0.4
Sphere 8 center: (0, -0.5, 0.5) radius: 0.25
Sphere 9 center: (-0.6, -0.4, 0.8) radius: 0.2
Drawing...
Setting camera uniforms
  camera_pos loc: 43
  camera_target loc: 46
  camera_up loc: 44
  vfov loc: 58
  aspect_ratio loc: 22
Quality: Medium (samples=4, depth=3)
Setting 10 spheres
Camera: 0, 1, 3
Sphere 0 center: (0, 0, -5.5) radius: 5
Sphere 1 center: (0, -5.5, 0) radius: 5
Sphere 2 center: (0, 5.5, 0) radius: 5
Sphere 3 center: (-5.5, 0, 0) radius: 5
Sphere 4 center: (5.5, 0, 0) radius: 5
Sphere 5 center: (0, 0, 0) radius: 0.5
Sphere 6 center: (-1.2, 0.2, -0.5) radius: 0.35
Sphere 7 center: (1.2, -0.1, -0.8) radius: 0.4
Sphere 8 center: (0, -0.5, 0.5) radius: 0.25
Sphere 9 center: (-0.6, -0.4, 0.8) radius: 0.2
Drawing...
Setting camera uniforms
  camera_pos loc: 43
  camera_target loc: 46
  camera_up loc: 44
  vfov loc: 58
  aspect_ratio loc: 22
Quality: Medium (samples=4, depth=3)
Setting 10 spheres
Camera: 0, 1, 3
Sphere 0 center: (0, 0, -5.5) radius: 5
Sphere 1 center: (0, -5.5, 0) radius: 5
Sphere 2 center: (0, 5.5, 0) radius: 5
Sphere 3 center: (-5.5, 0, 0) radius: 5
Sphere 4 center: (5.5, 0, 0) radius: 5
Sphere 5 center: (0, 0, 0) radius: 0.5
Sphere 6 center: (-1.2, 0.2, -0.5) radius: 0.35
Sphere 7 center: (1.2, -0.1, -0.8) radius: 0.4
Sphere 8 center: (0, -0.5, 0.5) radius: 0.25
Sphere 9 center: (-0.6, -0.4, 0.8) radius: 0.2
Drawing...
Setting camera uniforms
  camera_pos loc: 43
  camera_target loc: 46
  camera_up loc: 44
  vfov loc: 58
  aspect_ratio loc: 22
Quality: Medium (samples=4, depth=3)
Setting 10 spheres
Camera: 0, 1, 3
Sphere 0 center: (0, 0, -5.5) radius: 5
Sphere 1 center: (0, -5.5, 0) radius: 5
Sphere 2 center: (0, 5.5, 0) radius: 5
Sphere 3 center: (-5.5, 0, 0) radius: 5
Sphere 4 center: (5.5, 0, 0) radius: 5
Sphere 5 center: (0, 0, 0) radius: 0.5
Sphere 6 center: (-1.2, 0.2, -0.5) radius: 0.35
Sphere 7 center: (1.2, -0.1, -0.8) radius: 0.4
Sphere 8 center: (0, -0.5, 0.5) radius: 0.25
Sphere 9 center: (-0.6, -0.4, 0.8) radius: 0.2
Drawing...
Setting camera uniforms
  camera_pos loc: 43
  camera_target loc: 46
  camera_up loc: 44
  vfov loc: 58
  aspect_ratio loc: 22
Quality: Medium (samples=4, depth=3)
Setting 10 spheres
Camera: 0, 1, 3
Sphere 0 center: (0, 0, -5.5) radius: 5
Sphere 1 center: (0, -5.5, 0) radius: 5
Sphere 2 center: (0, 5.5, 0) radius: 5
Sphere 3 center: (-5.5, 0, 0) radius: 5
Sphere 4 center: (5.5, 0, 0) radius: 5
Sphere 5 center: (0, 0, 0) radius: 0.5
Sphere 6 center: (-1.2, 0.2, -0.5) radius: 0.35
Sphere 7 center: (1.2, -0.1, -0.8) radius: 0.4
Sphere 8 center: (0, -0.5, 0.5) radius: 0.25
Sphere 9 center: (-0.6, -0.4, 0.8) radius: 0.2
Drawing...
Setting camera uniforms
  camera_pos loc: 43
  camera_target loc: 46
  camera_up loc: 44
  vfov loc: 58
  aspect_ratio loc: 22
Quality: Medium (samples=4, depth=3)
Setting 10 spheres
Camera: 0, 1, 3
Sphere 0 center: (0, 0, -5.5) radius: 5
Sphere 1 center: (0, -5.5, 0) radius: 5
Sphere 2 center: (0, 5.5, 0) radius: 5
Sphere 3 center: (-5.5, 0, 0) radius: 5
Sphere 4 center: (5.5, 0, 0) radius: 5
Sphere 5 center: (0, 0, 0) radius: 0.5
Sphere 6 center: (-1.2, 0.2, -0.5) radius: 0.35
Sphere 7 center: (1.2, -0.1, -0.8) radius: 0.4
Sphere 8 center: (0, -0.5, 0.5) radius: 0.25
Sphere 9 center: (-0.6, -0.4, 0.8) radius: 0.2
Drawing...
Setting camera uniforms
  camera_pos loc: 43
  camera_target loc: 46
  camera_up loc: 44
  vfov loc: 58
  aspect_ratio loc: 22
Quality: Medium (samples=4, depth=3)
Setting 10 spheres
Camera: 0, 1, 3
Sphere 0 center: (0, 0, -5.5) radius: 5
Sphere 1 center: (0, -5.5, 0) radius: 5
Sphere 2 center: (0, 5.5, 0) radius: 5
Sphere 3 center: (-5.5, 0, 0) radius: 5
Sphere 4 center: (5.5, 0, 0) radius: 5
Sphere 5 center: (0, 0, 0) radius: 0.5
Sphere 6 center: (-1.2, 0.2, -0.5) radius: 0.35
Sphere 7 center: (1.2, -0.1, -0.8) radius: 0.4
Sphere 8 center: (0, -0.5, 0.5) radius: 0.25
Sphere 9 center: (-0.6, -0.4, 0.8) radius: 0.2
Drawing...
Setting camera uniforms
  camera_pos loc: 43
  camera_target loc: 46
  camera_up loc: 44
  vfov loc: 58
  aspect_ratio loc: 22
Quality: Medium (samples=4, depth=3)
Setting 10 spheres
Camera: 0, 1, 3
Sphere 0 center: (0, 0, -5.5) radius: 5
Sphere 1 center: (0, -5.5, 0) radius: 5
Sphere 2 center: (0, 5.5, 0) radius: 5
Sphere 3 center: (-5.5, 0, 0) radius: 5
Sphere 4 center: (5.5, 0, 0) radius: 5
Sphere 5 center: (0, 0, 0) radius: 0.5
Sphere 6 center: (-1.2, 0.2, -0.5) radius: 0.35
Sphere 7 center: (1.2, -0.1, -0.8) radius: 0.4
Sphere 8 center: (0, -0.5, 0.5) radius: 0.25
Sphere 9 center: (-0.6, -0.4, 0.8) radius: 0.2
Drawing...
Setting camera uniforms
  camera_pos loc: 43
  camera_target loc: 46
  camera_up loc: 44
  vfov loc: 58
  aspect_ratio loc: 22
Quality: Medium (samples=4, depth=3)
Setting 10 spheres
Camera: 0, 1, 3
Sphere 0 center: (0, 0, -5.5) radius: 5
Sphere 1 center: (0, -5.5, 0) radius: 5
Sphere 2 center: (0, 5.5, 0) radius: 5
Sphere 3 center: (-5.5, 0, 0) radius: 5
Sphere 4 center: (5.5, 0, 0) radius: 5
Sphere 5 center: (0, 0, 0) radius: 0.5
Sphere 6 center: (-1.2, 0.2, -0.5) radius: 0.35
Sphere 7 center: (1.2, -0.1, -0.8) radius: 0.4
Sphere 8 center: (0, -0.5, 0.5) radius: 0.25
Sphere 9 center: (-0.6, -0.4, 0.8) radius: 0.2
Drawing...
Setting camera uniforms
  camera_pos loc: 43
  camera_target loc: 46
  camera_up loc: 44
  vfov loc: 58
  aspect_ratio loc: 22
Quality: Medium (samples=4, depth=3)
Setting 10 spheres
Camera: 0, 1, 3
Sphere 0 center: (0, 0, -5.5) radius: 5
Sphere 1 center: (0, -5.5, 0) radius: 5
Sphere 2 center: (0, 5.5, 0) radius: 5
Sphere 3 center: (-5.5, 0, 0) radius: 5
Sphere 4 center: (5.5, 0, 0) radius: 5
Sphere 5 center: (0, 0, 0) radius: 0.5
Sphere 6 center: (-1.2, 0.2, -0.5) radius: 0.35
Sphere 7 center: (1.2, -0.1, -0.8) radius: 0.4
Sphere 8 center: (0, -0.5, 0.5) radius: 0.25
Sphere 9 center: (-0.6, -0.4, 0.8) radius: 0.2
Drawing...
Setting camera uniforms
  camera_pos loc: 43
  camera_target loc: 46
  camera_up loc: 44
  vfov loc: 58
  aspect_ratio loc: 22
Quality: Medium (samples=4, depth=3)
Setting 10 spheres
Camera: 0, 1, 3
Sphere 0 center: (0, 0, -5.5) radius: 5
Sphere 1 center: (0, -5.5, 0) radius: 5
Sphere 2 center: (0, 5.5, 0) radius: 5
Sphere 3 center: (-5.5, 0, 0) radius: 5
Sphere 4 center: (5.5, 0, 0) radius: 5
Sphere 5 center: (0, 0, 0) radius: 0.5
Sphere 6 center: (-1.2, 0.2, -0.5) radius: 0.35
Sphere 7 center: (1.2, -0.1, -0.8) radius: 0.4
Sphere 8 center: (0, -0.5, 0.5) radius: 0.25
Sphere 9 center: (-0.6, -0.4, 0.8) radius: 0.2
Drawing...
Setting camera uniforms
  camera_pos loc: 43
  camera_target loc: 46
  camera_up loc: 44
  vfov loc: 58
  aspect_ratio loc: 22
Quality: Medium (samples=4, depth=3)
Setting 10 spheres
Camera: 0, 1, 3
Sphere 0 center: (0, 0, -5.5) radius: 5
Sphere 1 center: (0, -5.5, 0) radius: 5
Sphere 2 center: (0, 5.5, 0) radius: 5
Sphere 3 center: (-5.5, 0, 0) radius: 5
Sphere 4 center: (5.5, 0, 0) radius: 5
Sphere 5 center: (0, 0, 0) radius: 0.5
Sphere 6 center: (-1.2, 0.2, -0.5) radius: 0.35
Sphere 7 center: (1.2, -0.1, -0.8) radius: 0.4
Sphere 8 center: (0, -0.5, 0.5) radius: 0.25
Sphere 9 center: (-0.6, -0.4, 0.8) radius: 0.2
Drawing...
Setting camera uniforms
  camera_pos loc: 43
  camera_target loc: 46
  camera_up loc: 44
  vfov loc: 58
  aspect_ratio loc: 22
Quality: Medium (samples=4, depth=3)
Setting 10 spheres
Camera: 0, 1, 3
Sphere 0 center: (0, 0, -5.5) radius: 5
Sphere 1 center: (0, -5.5, 0) radius: 5
Sphere 2 center: (0, 5.5, 0) radius: 5
Sphere 3 center: (-5.5, 0, 0) radius: 5
Sphere 4 center: (5.5, 0, 0) radius: 5
Sphere 5 center: (0, 0, 0) radius: 0.5
Sphere 6 center: (-1.2, 0.2, -0.5) radius: 0.35
Sphere 7 center: (1.2, -0.1, -0.8) radius: 0.4
Sphere 8 center: (0, -0.5, 0.5) radius: 0.25
Sphere 9 center: (-0.6, -0.4, 0.8) radius: 0.2
Drawing...
Setting camera uniforms
  camera_pos loc: 43
  camera_target loc: 46
  camera_up loc: 44
  vfov loc: 58
  aspect_ratio loc: 22
Quality: Medium (samples=4, depth=3)
Setting 10 spheres
Camera: 0, 1, 3
Sphere 0 center: (0, 0, -5.5) radius: 5
Sphere 1 center: (0, -5.5, 0) radius: 5
Sphere 2 center: (0, 5.5, 0) radius: 5
Sphere 3 center: (-5.5, 0, 0) radius: 5
Sphere 4 center: (5.5, 0, 0) radius: 5
Sphere 5 center: (0, 0, 0) radius: 0.5
Sphere 6 center: (-1.2, 0.2, -0.5) radius: 0.35
Sphere 7 center: (1.2, -0.1, -0.8) radius: 0.4
Sphere 8 center: (0, -0.5, 0.5) radius: 0.25
Sphere 9 center: (-0.6, -0.4, 0.8) radius: 0.2
Drawing...
Setting camera uniforms
  camera_pos loc: 43
  camera_target loc: 46
  camera_up loc: 44
  vfov loc: 58
  aspect_ratio loc: 22
Quality: Medium (samples=4, depth=3)
Setting 10 spheres
Camera: 0, 1, 3
Sphere 0 center: (0, 0, -5.5) radius: 5
Sphere 1 center: (0, -5.5, 0) radius: 5
Sphere 2 center: (0, 5.5, 0) radius: 5
Sphere 3 center: (-5.5, 0, 0) radius: 5
Sphere 4 center: (5.5, 0, 0) radius: 5
Sphere 5 center: (0, 0, 0) radius: 0.5
Sphere 6 center: (-1.2, 0.2, -0.5) radius: 0.35
Sphere 7 center: (1.2, -0.1, -0.8) radius: 0.4
Sphere 8 center: (0, -0.5, 0.5) radius: 0.25
Sphere 9 center: (-0.6, -0.4, 0.8) radius: 0.2
Drawing...
Setting camera uniforms
  camera_pos loc: 43
  camera_target loc: 46
  camera_up loc: 44
  vfov loc: 58
  aspect_ratio loc: 22
Quality: Medium (samples=4, depth=3)
Setting 10 spheres
Camera: 0, 1, 3
Sphere 0 center: (0, 0, -5.5) radius: 5
Sphere 1 center: (0, -5.5, 0) radius: 5
Sphere 2 center: (0, 5.5, 0) radius: 5
Sphere 3 center: (-5.5, 0, 0) radius: 5
Sphere 4 center: (5.5, 0, 0) radius: 5
Sphere 5 center: (0, 0, 0) radius: 0.5
Sphere 6 center: (-1.2, 0.2, -0.5) radius: 0.35
Sphere 7 center: (1.2, -0.1, -0.8) radius: 0.4
Sphere 8 center: (0, -0.5, 0.5) radius: 0.25
Sphere 9 center: (-0.6, -0.4, 0.8) radius: 0.2
Drawing...
Setting camera uniforms
  camera_pos loc: 43
  camera_target loc: 46
  camera_up loc: 44
  vfov loc: 58
  aspect_ratio loc: 22
Quality: Medium (samples=4, depth=3)
Setting 10 spheres
Camera: 0, 1, 3
Sphere 0 center: (0, 0, -5.5) radius: 5
Sphere 1 center: (0, -5.5, 0) radius: 5
Sphere 2 center: (0, 5.5, 0) radius: 5
Sphere 3 center: (-5.5, 0, 0) radius: 5
Sphere 4 center: (5.5, 0, 0) radius: 5
Sphere 5 center: (0, 0, 0) radius: 0.5
Sphere 6 center: (-1.2, 0.2, -0.5) radius: 0.35
Sphere 7 center: (1.2, -0.1, -0.8) radius: 0.4
Sphere 8 center: (0, -0.5, 0.5) radius: 0.25
Sphere 9 center: (-0.6, -0.4, 0.8) radius: 0.2
Drawing...
Setting camera uniforms
  camera_pos loc: 43
  camera_target loc: 46
  camera_up loc: 44
  vfov loc: 58
  aspect_ratio loc: 22
Quality: Medium (samples=4, depth=3)
Setting 10 spheres
Camera: 0, 1, 3
Sphere 0 center: (0, 0, -5.5) radius: 5
Sphere 1 center: (0, -5.5, 0) radius: 5
Sphere 2 center: (0, 5.5, 0) radius: 5
Sphere 3 center: (-5.5, 0, 0) radius: 5
Sphere 4 center: (5.5, 0, 0) radius: 5
Sphere 5 center: (0, 0, 0) radius: 0.5
Sphere 6 center: (-1.2, 0.2, -0.5) radius: 0.35
Sphere 7 center: (1.2, -0.1, -0.8) radius: 0.4
Sphere 8 center: (0, -0.5, 0.5) radius: 0.25
Sphere 9 center: (-0.6, -0.4, 0.8) radius: 0.2
Drawing...
Setting camera uniforms
  camera_pos loc: 43
  camera_target loc: 46
  camera_up loc: 44
  vfov loc: 58
  aspect_ratio loc: 22
Quality: Medium (samples=4, depth=3)
Setting 10 spheres
Camera: 0, 1, 3
Sphere 0 center: (0, 0, -5.5) radius: 5
Sphere 1 center: (0, -5.5, 0) radius: 5
Sphere 2 center: (0, 5.5, 0) radius: 5
Sphere 3 center: (-5.5, 0, 0) radius: 5
Sphere 4 center: (5.5, 0, 0) radius: 5
Sphere 5 center: (0, 0, 0) radius: 0.5
Sphere 6 center: (-1.2, 0.2, -0.5) radius: 0.35
Sphere 7 center: (1.2, -0.1, -0.8) radius: 0.4
Sphere 8 center: (0, -0.5, 0.5) radius: 0.25
Sphere 9 center: (-0.6, -0.4, 0.8) radius: 0.2
Drawing...
Setting camera uniforms
  camera_pos loc: 43
  camera_target loc: 46
  camera_up loc: 44
  vfov loc: 58
  aspect_ratio loc: 22
Quality: Medium (samples=4, depth=3)
Setting 10 spheres
Camera: 0, 1, 3
Sphere 0 center: (0, 0, -5.5) radius: 5
Sphere 1 center: (0, -5.5, 0) radius: 5
Sphere 2 center: (0, 5.5, 0) radius: 5
Sphere 3 center: (-5.5, 0, 0) radius: 5
Sphere 4 center: (5.5, 0, 0) radius: 5
Sphere 5 center: (0, 0, 0) radius: 0.5
Sphere 6 center: (-1.2, 0.2, -0.5) radius: 0.35
Sphere 7 center: (1.2, -0.1, -0.8) radius: 0.4
Sphere 8 center: (0, -0.5, 0.5) radius: 0.25
Sphere 9 center: (-0.6, -0.4, 0.8) radius: 0.2
Drawing...
Setting camera uniforms
  camera_pos loc: 43
  camera_target loc: 46
  camera_up loc: 44
  vfov loc: 58
  aspect_ratio loc: 22
Quality: Medium (samples=4, depth=3)
Setting 10 spheres
Camera: 0, 1, 3
Sphere 0 center: (0, 0, -5.5) radius: 5
Sphere 1 center: (0, -5.5, 0) radius: 5
Sphere 2 center: (0, 5.5, 0) radius: 5
Sphere 3 center: (-5.5, 0, 0) radius: 5
Sphere 4 center: (5.5, 0, 0) radius: 5
Sphere 5 center: (0, 0, 0) radius: 0.5
Sphere 6 center: (-1.2, 0.2, -0.5) radius: 0.35
Sphere 7 center: (1.2, -0.1, -0.8) radius: 0.4
Sphere 8 center: (0, -0.5, 0.5) radius: 0.25
Sphere 9 center: (-0.6, -0.4, 0.8) radius: 0.2
Drawing...
Setting camera uniforms
  camera_pos loc: 43
  camera_target loc: 46
  camera_up loc: 44
  vfov loc: 58
  aspect_ratio loc: 22
Quality: Medium (samples=4, depth=3)
Setting 10 spheres
Camera: 0, 1, 3
Sphere 0 center: (0, 0, -5.5) radius: 5
Sphere 1 center: (0, -5.5, 0) radius: 5
Sphere 2 center: (0, 5.5, 0) radius: 5
Sphere 3 center: (-5.5, 0, 0) radius: 5
Sphere 4 center: (5.5, 0, 0) radius: 5
Sphere 5 center: (0, 0, 0) radius: 0.5
Sphere 6 center: (-1.2, 0.2, -0.5) radius: 0.35
Sphere 7 center: (1.2, -0.1, -0.8) radius: 0.4
Sphere 8 center: (0, -0.5, 0.5) radius: 0.25
Sphere 9 center: (-0.6, -0.4, 0.8) radius: 0.2
Drawing...
Setting camera uniforms
  camera_pos loc: 43
  camera_target loc: 46
  camera_up loc: 44
  vfov loc: 58
  aspect_ratio loc: 22
Quality: Medium (samples=4, depth=3)
Setting 10 spheres
Camera: 0, 1, 3
Sphere 0 center: (0, 0, -5.5) radius: 5
Sphere 1 center: (0, -5.5, 0) radius: 5
Sphere 2 center: (0, 5.5, 0) radius: 5
Sphere 3 center: (-5.5, 0, 0) radius: 5
Sphere 4 center: (5.5, 0, 0) radius: 5
Sphere 5 center: (0, 0, 0) radius: 0.5
Sphere 6 center: (-1.2, 0.2, -0.5) radius: 0.35
Sphere 7 center: (1.2, -0.1, -0.8) radius: 0.4
Sphere 8 center: (0, -0.5, 0.5) radius: 0.25
Sphere 9 center: (-0.6, -0.4, 0.8) radius: 0.2
Drawing...
Setting camera uniforms
  camera_pos loc: 43
  camera_target loc: 46
  camera_up loc: 44
  vfov loc: 58
  aspect_ratio loc: 22
Quality: Medium (samples=4, depth=3)
Setting 10 spheres
Camera: 0, 1, 3
Sphere 0 center: (0, 0, -5.5) radius: 5
Sphere 1 center: (0, -5.5, 0) radius: 5
Sphere 2 center: (0, 5.5, 0) radius: 5
Sphere 3 center: (-5.5, 0, 0) radius: 5
Sphere 4 center: (5.5, 0, 0) radius: 5
Sphere 5 center: (0, 0, 0) radius: 0.5
Sphere 6 center: (-1.2, 0.2, -0.5) radius: 0.35
Sphere 7 center: (1.2, -0.1, -0.8) radius: 0.4
Sphere 8 center: (0, -0.5, 0.5) radius: 0.25
Sphere 9 center: (-0.6, -0.4, 0.8) radius: 0.2
Drawing...
Setting camera uniforms
  camera_pos loc: 43
  camera_target loc: 46
  camera_up loc: 44
  vfov loc: 58
  aspect_ratio loc: 22
Quality: Medium (samples=4, depth=3)
Setting 10 spheres
Camera: 0, 1, 3
Sphere 0 center: (0, 0, -5.5) radius: 5
Sphere 1 center: (0, -5.5, 0) radius: 5
Sphere 2 center: (0, 5.5, 0) radius: 5
Sphere 3 center: (-5.5, 0, 0) radius: 5
Sphere 4 center: (5.5, 0, 0) radius: 5
Sphere 5 center: (0, 0, 0) radius: 0.5
Sphere 6 center: (-1.2, 0.2, -0.5) radius: 0.35
Sphere 7 center: (1.2, -0.1, -0.8) radius: 0.4
Sphere 8 center: (0, -0.5, 0.5) radius: 0.25
Sphere 9 center: (-0.6, -0.4, 0.8) radius: 0.2
Drawing...
Setting camera uniforms
  camera_pos loc: 43
  camera_target loc: 46
  camera_up loc: 44
  vfov loc: 58
  aspect_ratio loc: 22
Quality: Medium (samples=4, depth=3)
Setting 10 spheres
Camera: 0, 1, 3
Sphere 0 center: (0, 0, -5.5) radius: 5
Sphere 1 center: (0, -5.5, 0) radius: 5
Sphere 2 center: (0, 5.5, 0) radius: 5
Sphere 3 center: (-5.5, 0, 0) radius: 5
Sphere 4 center: (5.5, 0, 0) radius: 5
Sphere 5 center: (0, 0, 0) radius: 0.5
Sphere 6 center: (-1.2, 0.2, -0.5) radius: 0.35
Sphere 7 center: (1.2, -0.1, -0.8) radius: 0.4
Sphere 8 center: (0, -0.5, 0.5) radius: 0.25
Sphere 9 center: (-0.6, -0.4, 0.8) radius: 0.2
Drawing...
Setting camera uniforms
  camera_pos loc: 43
  camera_target loc: 46
  camera_up loc: 44
  vfov loc: 58
  aspect_ratio loc: 22
Quality: Medium (samples=4, depth=3)
Setting 10 spheres
Camera: 0, 1, 3
Sphere 0 center: (0, 0, -5.5) radius: 5
Sphere 1 center: (0, -5.5, 0) radius: 5
Sphere 2 center: (0, 5.5, 0) radius: 5
Sphere 3 center: (-5.5, 0, 0) radius: 5
Sphere 4 center: (5.5, 0, 0) radius: 5
Sphere 5 center: (0, 0, 0) radius: 0.5
Sphere 6 center: (-1.2, 0.2, -0.5) radius: 0.35
Sphere 7 center: (1.2, -0.1, -0.8) radius: 0.4
Sphere 8 center: (0, -0.5, 0.5) radius: 0.25
Sphere 9 center: (-0.6, -0.4, 0.8) radius: 0.2
Drawing...
Setting camera uniforms
  camera_pos loc: 43
  camera_target loc: 46
  camera_up loc: 44
  vfov loc: 58
  aspect_ratio loc: 22
Quality: Medium (samples=4, depth=3)
Setting 10 spheres
Camera: 0, 1, 3
Sphere 0 center: (0, 0, -5.5) radius: 5
Sphere 1 center: (0, -5.5, 0) radius: 5
Sphere 2 center: (0, 5.5, 0) radius: 5
Sphere 3 center: (-5.5, 0, 0) radius: 5
Sphere 4 center: (5.5, 0, 0) radius: 5
Sphere 5 center: (0, 0, 0) radius: 0.5
Sphere 6 center: (-1.2, 0.2, -0.5) radius: 0.35
Sphere 7 center: (1.2, -0.1, -0.8) radius: 0.4
Sphere 8 center: (0, -0.5, 0.5) radius: 0.25
Sphere 9 center: (-0.6, -0.4, 0.8) radius: 0.2
Drawing...
Setting camera uniforms
  camera_pos loc: 43
  camera_target loc: 46
  camera_up loc: 44
  vfov loc: 58
  aspect_ratio loc: 22
Quality: Medium (samples=4, depth=3)
Setting 10 spheres
Camera: 0, 1, 3
Sphere 0 center: (0, 0, -5.5) radius: 5
Sphere 1 center: (0, -5.5, 0) radius: 5
Sphere 2 center: (0, 5.5, 0) radius: 5
Sphere 3 center: (-5.5, 0, 0) radius: 5
Sphere 4 center: (5.5, 0, 0) radius: 5
Sphere 5 center: (0, 0, 0) radius: 0.5
Sphere 6 center: (-1.2, 0.2, -0.5) radius: 0.35
Sphere 7 center: (1.2, -0.1, -0.8) radius: 0.4
Sphere 8 center: (0, -0.5, 0.5) radius: 0.25
Sphere 9 center: (-0.6, -0.4, 0.8) radius: 0.2
Drawing...
Setting camera uniforms
  camera_pos loc: 43
  camera_target loc: 46
  camera_up loc: 44
  vfov loc: 58
  aspect_ratio loc: 22
Quality: Medium (samples=4, depth=3)
Setting 10 spheres
Camera: 0, 1, 3
Sphere 0 center: (0, 0, -5.5) radius: 5
Sphere 1 center: (0, -5.5, 0) radius: 5
Sphere 2 center: (0, 5.5, 0) radius: 5
Sphere 3 center: (-5.5, 0, 0) radius: 5
Sphere 4 center: (5.5, 0, 0) radius: 5
Sphere 5 center: (0, 0, 0) radius: 0.5
Sphere 6 center: (-1.2, 0.2, -0.5) radius: 0.35
Sphere 7 center: (1.2, -0.1, -0.8) radius: 0.4
Sphere 8 center: (0, -0.5, 0.5) radius: 0.25
Sphere 9 center: (-0.6, -0.4, 0.8) radius: 0.2
Drawing...
Setting camera uniforms
  camera_pos loc: 43
  camera_target loc: 46
  camera_up loc: 44
  vfov loc: 58
  aspect_ratio loc: 22
Quality: Medium (samples=4, depth=3)
Setting 10 spheres
Camera: 0, 1, 3
Sphere 0 center: (0, 0, -5.5) radius: 5
Sphere 1 center: (0, -5.5, 0) radius: 5
Sphere 2 center: (0, 5.5, 0) radius: 5
Sphere 3 center: (-5.5, 0, 0) radius: 5
Sphere 4 center: (5.5, 0, 0) radius: 5
Sphere 5 center: (0, 0, 0) radius: 0.5
Sphere 6 center: (-1.2, 0.2, -0.5) radius: 0.35
Sphere 7 center: (1.2, -0.1, -0.8) radius: 0.4
Sphere 8 center: (0, -0.5, 0.5) radius: 0.25
Sphere 9 center: (-0.6, -0.4, 0.8) radius: 0.2
Drawing...
Setting camera uniforms
  camera_pos loc: 43
  camera_target loc: 46
  camera_up loc: 44
  vfov loc: 58
  aspect_ratio loc: 22
Quality: Medium (samples=4, depth=3)
Setting 10 spheres
Camera: 0, 1, 3
Sphere 0 center: (0, 0, -5.5) radius: 5
Sphere 1 center: (0, -5.5, 0) radius: 5
Sphere 2 center: (0, 5.5, 0) radius: 5
Sphere 3 center: (-5.5, 0, 0) radius: 5
Sphere 4 center: (5.5, 0, 0) radius: 5
Sphere 5 center: (0, 0, 0) radius: 0.5
Sphere 6 center: (-1.2, 0.2, -0.5) radius: 0.35
Sphere 7 center: (1.2, -0.1, -0.8) radius: 0.4
Sphere 8 center: (0, -0.5, 0.5) radius: 0.25
Sphere 9 center: (-0.6, -0.4, 0.8) radius: 0.2
Drawing...
Setting camera uniforms
  camera_pos loc: 43
  camera_target loc: 46
  camera_up loc: 44
  vfov loc: 58
  aspect_ratio loc: 22
Quality: Medium (samples=4, depth=3)
Setting 10 spheres
Camera: 0, 1, 3
Sphere 0 center: (0, 0, -5.5) radius: 5
Sphere 1 center: (0, -5.5, 0) radius: 5
Sphere 2 center: (0, 5.5, 0) radius: 5
Sphere 3 center: (-5.5, 0, 0) radius: 5
Sphere 4 center: (5.5, 0, 0) radius: 5
Sphere 5 center: (0, 0, 0) radius: 0.5
Sphere 6 center: (-1.2, 0.2, -0.5) radius: 0.35
Sphere 7 center: (1.2, -0.1, -0.8) radius: 0.4
Sphere 8 center: (0, -0.5, 0.5) radius: 0.25
Sphere 9 center: (-0.6, -0.4, 0.8) radius: 0.2
Drawing...
Setting camera uniforms
  camera_pos loc: 43
  camera_target loc: 46
  camera_up loc: 44
  vfov loc: 58
  aspect_ratio loc: 22
Quality: Medium (samples=4, depth=3)
Setting 10 spheres
Camera: 0, 1, 3
Sphere 0 center: (0, 0, -5.5) radius: 5
Sphere 1 center: (0, -5.5, 0) radius: 5
Sphere 2 center: (0, 5.5, 0) radius: 5
Sphere 3 center: (-5.5, 0, 0) radius: 5
Sphere 4 center: (5.5, 0, 0) radius: 5
Sphere 5 center: (0, 0, 0) radius: 0.5
Sphere 6 center: (-1.2, 0.2, -0.5) radius: 0.35
Sphere 7 center: (1.2, -0.1, -0.8) radius: 0.4
Sphere 8 center: (0, -0.5, 0.5) radius: 0.25
Sphere 9 center: (-0.6, -0.4, 0.8) radius: 0.2
Drawing...
Setting camera uniforms
  camera_pos loc: 43
  camera_target loc: 46
  camera_up loc: 44
  vfov loc: 58
  aspect_ratio loc: 22
Quality: Medium (samples=4, depth=3)
Setting 10 spheres
Camera: 0, 1, 3
Sphere 0 center: (0, 0, -5.5) radius: 5
Sphere 1 center: (0, -5.5, 0) radius: 5
Sphere 2 center: (0, 5.5, 0) radius: 5
Sphere 3 center: (-5.5, 0, 0) radius: 5
Sphere 4 center: (5.5, 0, 0) radius: 5
Sphere 5 center: (0, 0, 0) radius: 0.5
Sphere 6 center: (-1.2, 0.2, -0.5) radius: 0.35
Sphere 7 center: (1.2, -0.1, -0.8) radius: 0.4
Sphere 8 center: (0, -0.5, 0.5) radius: 0.25
Sphere 9 center: (-0.6, -0.4, 0.8) radius: 0.2
Drawing...
Setting camera uniforms
  camera_pos loc: 43
  camera_target loc: 46
  camera_up loc: 44
  vfov loc: 58
  aspect_ratio loc: 22
Quality: Medium (samples=4, depth=3)
Setting 10 spheres
Camera: 0, 1, 3
Sphere 0 center: (0, 0, -5.5) radius: 5
Sphere 1 center: (0, -5.5, 0) radius: 5
Sphere 2 center: (0, 5.5, 0) radius: 5
Sphere 3 center: (-5.5, 0, 0) radius: 5
Sphere 4 center: (5.5, 0, 0) radius: 5
Sphere 5 center: (0, 0, 0) radius: 0.5
Sphere 6 center: (-1.2, 0.2, -0.5) radius: 0.35
Sphere 7 center: (1.2, -0.1, -0.8) radius: 0.4
Sphere 8 center: (0, -0.5, 0.5) radius: 0.25
Sphere 9 center: (-0.6, -0.4, 0.8) radius: 0.2
Drawing...
Setting camera uniforms
  camera_pos loc: 43
  camera_target loc: 46
  camera_up loc: 44
  vfov loc: 58
  aspect_ratio loc: 22
Quality: Medium (samples=4, depth=3)
Setting 10 spheres
Camera: 0, 1, 3
Sphere 0 center: (0, 0, -5.5) radius: 5
Sphere 1 center: (0, -5.5, 0) radius: 5
Sphere 2 center: (0, 5.5, 0) radius: 5
Sphere 3 center: (-5.5, 0, 0) radius: 5
Sphere 4 center: (5.5, 0, 0) radius: 5
Sphere 5 center: (0, 0, 0) radius: 0.5
Sphere 6 center: (-1.2, 0.2, -0.5) radius: 0.35
Sphere 7 center: (1.2, -0.1, -0.8) radius: 0.4
Sphere 8 center: (0, -0.5, 0.5) radius: 0.25
Sphere 9 center: (-0.6, -0.4, 0.8) radius: 0.2
Drawing...
Setting camera uniforms
  camera_pos loc: 43
  camera_target loc: 46
  camera_up loc: 44
  vfov loc: 58
  aspect_ratio loc: 22
Quality: Medium (samples=4, depth=3)
Setting 10 spheres
Camera: 0, 1, 3
Sphere 0 center: (0, 0, -5.5) radius: 5
Sphere 1 center: (0, -5.5, 0) radius: 5
Sphere 2 center: (0, 5.5, 0) radius: 5
Sphere 3 center: (-5.5, 0, 0) radius: 5
Sphere 4 center: (5.5, 0, 0) radius: 5
Sphere 5 center: (0, 0, 0) radius: 0.5
Sphere 6 center: (-1.2, 0.2, -0.5) radius: 0.35
Sphere 7 center: (1.2, -0.1, -0.8) radius: 0.4
Sphere 8 center: (0, -0.5, 0.5) radius: 0.25
Sphere 9 center: (-0.6, -0.4, 0.8) radius: 0.2
Drawing...
Setting camera uniforms
  camera_pos loc: 43
  camera_target loc: 46
  camera_up loc: 44
  vfov loc: 58
  aspect_ratio loc: 22
Quality: Medium (samples=4, depth=3)
Setting 10 spheres
Camera: 0, 1, 3
Sphere 0 center: (0, 0, -5.5) radius: 5
Sphere 1 center: (0, -5.5, 0) radius: 5
Sphere 2 center: (0, 5.5, 0) radius: 5
Sphere 3 center: (-5.5, 0, 0) radius: 5
Sphere 4 center: (5.5, 0, 0) radius: 5
Sphere 5 center: (0, 0, 0) radius: 0.5
Sphere 6 center: (-1.2, 0.2, -0.5) radius: 0.35
Sphere 7 center: (1.2, -0.1, -0.8) radius: 0.4
Sphere 8 center: (0, -0.5, 0.5) radius: 0.25
Sphere 9 center: (-0.6, -0.4, 0.8) radius: 0.2
Drawing...
Setting camera uniforms
  camera_pos loc: 43
  camera_target loc: 46
  camera_up loc: 44
  vfov loc: 58
  aspect_ratio loc: 22
Quality: Medium (samples=4, depth=3)
Setting 10 spheres
Camera: 0, 1, 3
Sphere 0 center: (0, 0, -5.5) radius: 5
Sphere 1 center: (0, -5.5, 0) radius: 5
Sphere 2 center: (0, 5.5, 0) radius: 5
Sphere 3 center: (-5.5, 0, 0) radius: 5
Sphere 4 center: (5.5, 0, 0) radius: 5
Sphere 5 center: (0, 0, 0) radius: 0.5
Sphere 6 center: (-1.2, 0.2, -0.5) radius: 0.35
Sphere 7 center: (1.2, -0.1, -0.8) radius: 0.4
Sphere 8 center: (0, -0.5, 0.5) radius: 0.25
Sphere 9 center: (-0.6, -0.4, 0.8) radius: 0.2
Drawing...
Setting camera uniforms
  camera_pos loc: 43
  camera_target loc: 46
  camera_up loc: 44
  vfov loc: 58
  aspect_ratio loc: 22
Quality: Medium (samples=4, depth=3)
Setting 10 spheres
Camera: 0, 1, 3
Sphere 0 center: (0, 0, -5.5) radius: 5
Sphere 1 center: (0, -5.5, 0) radius: 5
Sphere 2 center: (0, 5.5, 0) radius: 5
Sphere 3 center: (-5.5, 0, 0) radius: 5
Sphere 4 center: (5.5, 0, 0) radius: 5
Sphere 5 center: (0, 0, 0) radius: 0.5
Sphere 6 center: (-1.2, 0.2, -0.5) radius: 0.35
Sphere 7 center: (1.2, -0.1, -0.8) radius: 0.4
Sphere 8 center: (0, -0.5, 0.5) radius: 0.25
Sphere 9 center: (-0.6, -0.4, 0.8) radius: 0.2
Drawing...
Setting camera uniforms
  camera_pos loc: 43
  camera_target loc: 46
  camera_up loc: 44
  vfov loc: 58
  aspect_ratio loc: 22
Quality: Medium (samples=4, depth=3)
Setting 10 spheres
Camera: 0, 1, 3
Sphere 0 center: (0, 0, -5.5) radius: 5
Sphere 1 center: (0, -5.5, 0) radius: 5
Sphere 2 center: (0, 5.5, 0) radius: 5
Sphere 3 center: (-5.5, 0, 0) radius: 5
Sphere 4 center: (5.5, 0, 0) radius: 5
Sphere 5 center: (0, 0, 0) radius: 0.5
Sphere 6 center: (-1.2, 0.2, -0.5) radius: 0.35
Sphere 7 center: (1.2, -0.1, -0.8) radius: 0.4
Sphere 8 center: (0, -0.5, 0.5) radius: 0.25
Sphere 9 center: (-0.6, -0.4, 0.8) radius: 0.2
Drawing...
Setting camera uniforms
  camera_pos loc: 43
  camera_target loc: 46
  camera_up loc: 44
  vfov loc: 58
  aspect_ratio loc: 22
Quality: Medium (samples=4, depth=3)
Setting 10 spheres
Camera: 0, 1, 3
Sphere 0 center: (0, 0, -5.5) radius: 5
Sphere 1 center: (0, -5.5, 0) radius: 5
Sphere 2 center: (0, 5.5, 0) radius: 5
Sphere 3 center: (-5.5, 0, 0) radius: 5
Sphere 4 center: (5.5, 0, 0) radius: 5
Sphere 5 center: (0, 0, 0) radius: 0.5
Sphere 6 center: (-1.2, 0.2, -0.5) radius: 0.35
Sphere 7 center: (1.2, -0.1, -0.8) radius: 0.4
Sphere 8 center: (0, -0.5, 0.5) radius: 0.25
Sphere 9 center: (-0.6, -0.4, 0.8) radius: 0.2
Drawing...
Setting camera uniforms
  camera_pos loc: 43
  camera_target loc: 46
  camera_up loc: 44
  vfov loc: 58
  aspect_ratio loc: 22
Quality: Medium (samples=4, depth=3)
Setting 10 spheres
Camera: 0, 1, 3
Sphere 0 center: (0, 0, -5.5) radius: 5
Sphere 1 center: (0, -5.5, 0) radius: 5
Sphere 2 center: (0, 5.5, 0) radius: 5
Sphere 3 center: (-5.5, 0, 0) radius: 5
Sphere 4 center: (5.5, 0, 0) radius: 5
Sphere 5 center: (0, 0, 0) radius: 0.5
Sphere 6 center: (-1.2, 0.2, -0.5) radius: 0.35
Sphere 7 center: (1.2, -0.1, -0.8) radius: 0.4
Sphere 8 center: (0, -0.5, 0.5) radius: 0.25
Sphere 9 center: (-0.6, -0.4, 0.8) radius: 0.2
Drawing...
Setting camera uniforms
  camera_pos loc: 43
  camera_target loc: 46
  camera_up loc: 44
  vfov loc: 58
  aspect_ratio loc: 22
Quality: Medium (samples=4, depth=3)
Setting 10 spheres
Camera: 0, 1, 3
Sphere 0 center: (0, 0, -5.5) radius: 5
Sphere 1 center: (0, -5.5, 0) radius: 5
Sphere 2 center: (0, 5.5, 0) radius: 5
Sphere 3 center: (-5.5, 0, 0) radius: 5
Sphere 4 center: (5.5, 0, 0) radius: 5
Sphere 5 center: (0, 0, 0) radius: 0.5
Sphere 6 center: (-1.2, 0.2, -0.5) radius: 0.35
Sphere 7 center: (1.2, -0.1, -0.8) radius: 0.4
Sphere 8 center: (0, -0.5, 0.5) radius: 0.25
Sphere 9 center: (-0.6, -0.4, 0.8) radius: 0.2
Drawing...
Setting camera uniforms
  camera_pos loc: 43
  camera_target loc: 46
  camera_up loc: 44
  vfov loc: 58
  aspect_ratio loc: 22
Quality: Medium (samples=4, depth=3)
Setting 10 spheres
Camera: 0, 1, 3
Sphere 0 center: (0, 0, -5.5) radius: 5
Sphere 1 center: (0, -5.5, 0) radius: 5
Sphere 2 center: (0, 5.5, 0) radius: 5
Sphere 3 center: (-5.5, 0, 0) radius: 5
Sphere 4 center: (5.5, 0, 0) radius: 5
Sphere 5 center: (0, 0, 0) radius: 0.5
Sphere 6 center: (-1.2, 0.2, -0.5) radius: 0.35
Sphere 7 center: (1.2, -0.1, -0.8) radius: 0.4
Sphere 8 center: (0, -0.5, 0.5) radius: 0.25
Sphere 9 center: (-0.6, -0.4, 0.8) radius: 0.2
Drawing...
Setting camera uniforms
  camera_pos loc: 43
  camera_target loc: 46
  camera_up loc: 44
  vfov loc: 58
  aspect_ratio loc: 22
Quality: Medium (samples=4, depth=3)
Setting 10 spheres
Camera: 0, 1, 3
Sphere 0 center: (0, 0, -5.5) radius: 5
Sphere 1 center: (0, -5.5, 0) radius: 5
Sphere 2 center: (0, 5.5, 0) radius: 5
Sphere 3 center: (-5.5, 0, 0) radius: 5
Sphere 4 center: (5.5, 0, 0) radius: 5
Sphere 5 center: (0, 0, 0) radius: 0.5
Sphere 6 center: (-1.2, 0.2, -0.5) radius: 0.35
Sphere 7 center: (1.2, -0.1, -0.8) radius: 0.4
Sphere 8 center: (0, -0.5, 0.5) radius: 0.25
Sphere 9 center: (-0.6, -0.4, 0.8) radius: 0.2
Drawing...
Setting camera uniforms
  camera_pos loc: 43
  camera_target loc: 46
  camera_up loc: 44
  vfov loc: 58
  aspect_ratio loc: 22
Quality: Medium (samples=4, depth=3)
Setting 10 spheres
Camera: 0, 1, 3
Sphere 0 center: (0, 0, -5.5) radius: 5
Sphere 1 center: (0, -5.5, 0) radius: 5
Sphere 2 center: (0, 5.5, 0) radius: 5
Sphere 3 center: (-5.5, 0, 0) radius: 5
Sphere 4 center: (5.5, 0, 0) radius: 5
Sphere 5 center: (0, 0, 0) radius: 0.5
Sphere 6 center: (-1.2, 0.2, -0.5) radius: 0.35
Sphere 7 center: (1.2, -0.1, -0.8) radius: 0.4
Sphere 8 center: (0, -0.5, 0.5) radius: 0.25
Sphere 9 center: (-0.6, -0.4, 0.8) radius: 0.2
Drawing...
Setting camera uniforms
  camera_pos loc: 43
  camera_target loc: 46
  camera_up loc: 44
  vfov loc: 58
  aspect_ratio loc: 22
Quality: Medium (samples=4, depth=3)
Setting 10 spheres
Camera: 0, 1, 3
Sphere 0 center: (0, 0, -5.5) radius: 5
Sphere 1 center: (0, -5.5, 0) radius: 5
Sphere 2 center: (0, 5.5, 0) radius: 5
Sphere 3 center: (-5.5, 0, 0) radius: 5
Sphere 4 center: (5.5, 0, 0) radius: 5
Sphere 5 center: (0, 0, 0) radius: 0.5
Sphere 6 center: (-1.2, 0.2, -0.5) radius: 0.35
Sphere 7 center: (1.2, -0.1, -0.8) radius: 0.4
Sphere 8 center: (0, -0.5, 0.5) radius: 0.25
Sphere 9 center: (-0.6, -0.4, 0.8) radius: 0.2
Drawing...
Setting camera uniforms
  camera_pos loc: 43
  camera_target loc: 46
  camera_up loc: 44
  vfov loc: 58
  aspect_ratio loc: 22
Quality: Medium (samples=4, depth=3)
Setting 10 spheres
Camera: 0, 1, 3
Sphere 0 center: (0, 0, -5.5) radius: 5
Sphere 1 center: (0, -5.5, 0) radius: 5
Sphere 2 center: (0, 5.5, 0) radius: 5
Sphere 3 center: (-5.5, 0, 0) radius: 5
Sphere 4 center: (5.5, 0, 0) radius: 5
Sphere 5 center: (0, 0, 0) radius: 0.5
Sphere 6 center: (-1.2, 0.2, -0.5) radius: 0.35
Sphere 7 center: (1.2, -0.1, -0.8) radius: 0.4
Sphere 8 center: (0, -0.5, 0.5) radius: 0.25
Sphere 9 center: (-0.6, -0.4, 0.8) radius: 0.2
Drawing...
Setting camera uniforms
  camera_pos loc: 43
  camera_target loc: 46
  camera_up loc: 44
  vfov loc: 58
  aspect_ratio loc: 22
Quality: Medium (samples=4, depth=3)
Setting 10 spheres
Camera: 0, 1, 3
Sphere 0 center: (0, 0, -5.5) radius: 5
Sphere 1 center: (0, -5.5, 0) radius: 5
Sphere 2 center: (0, 5.5, 0) radius: 5
Sphere 3 center: (-5.5, 0, 0) radius: 5
Sphere 4 center: (5.5, 0, 0) radius: 5
Sphere 5 center: (0, 0, 0) radius: 0.5
Sphere 6 center: (-1.2, 0.2, -0.5) radius: 0.35
Sphere 7 center: (1.2, -0.1, -0.8) radius: 0.4
Sphere 8 center: (0, -0.5, 0.5) radius: 0.25
Sphere 9 center: (-0.6, -0.4, 0.8) radius: 0.2
Drawing...
Setting camera uniforms
  camera_pos loc: 43
  camera_target loc: 46
  camera_up loc: 44
  vfov loc: 58
  aspect_ratio loc: 22
Quality: Medium (samples=4, depth=3)
Setting 10 spheres
Camera: 0, 1, 3
Sphere 0 center: (0, 0, -5.5) radius: 5
Sphere 1 center: (0, -5.5, 0) radius: 5
Sphere 2 center: (0, 5.5, 0) radius: 5
Sphere 3 center: (-5.5, 0, 0) radius: 5
Sphere 4 center: (5.5, 0, 0) radius: 5
Sphere 5 center: (0, 0, 0) radius: 0.5
Sphere 6 center: (-1.2, 0.2, -0.5) radius: 0.35
Sphere 7 center: (1.2, -0.1, -0.8) radius: 0.4
Sphere 8 center: (0, -0.5, 0.5) radius: 0.25
Sphere 9 center: (-0.6, -0.4, 0.8) radius: 0.2
Drawing...
Setting camera uniforms
  camera_pos loc: 43
  camera_target loc: 46
  camera_up loc: 44
  vfov loc: 58
  aspect_ratio loc: 22
Quality: Medium (samples=4, depth=3)
Setting 10 spheres
Camera: 0, 1, 3
Sphere 0 center: (0, 0, -5.5) radius: 5
Sphere 1 center: (0, -5.5, 0) radius: 5
Sphere 2 center: (0, 5.5, 0) radius: 5
Sphere 3 center: (-5.5, 0, 0) radius: 5
Sphere 4 center: (5.5, 0, 0) radius: 5
Sphere 5 center: (0, 0, 0) radius: 0.5
Sphere 6 center: (-1.2, 0.2, -0.5) radius: 0.35
Sphere 7 center: (1.2, -0.1, -0.8) radius: 0.4
Sphere 8 center: (0, -0.5, 0.5) radius: 0.25
Sphere 9 center: (-0.6, -0.4, 0.8) radius: 0.2
Drawing...
Setting camera uniforms
  camera_pos loc: 43
  camera_target loc: 46
  camera_up loc: 44
  vfov loc: 58
  aspect_ratio loc: 22
Quality: Medium (samples=4, depth=3)
Setting 10 spheres
Camera: 0, 1, 3
Sphere 0 center: (0, 0, -5.5) radius: 5
Sphere 1 center: (0, -5.5, 0) radius: 5
Sphere 2 center: (0, 5.5, 0) radius: 5
Sphere 3 center: (-5.5, 0, 0) radius: 5
Sphere 4 center: (5.5, 0, 0) radius: 5
Sphere 5 center: (0, 0, 0) radius: 0.5
Sphere 6 center: (-1.2, 0.2, -0.5) radius: 0.35
Sphere 7 center: (1.2, -0.1, -0.8) radius: 0.4
Sphere 8 center: (0, -0.5, 0.5) radius: 0.25
Sphere 9 center: (-0.6, -0.4, 0.8) radius: 0.2
Drawing...
Setting camera uniforms
  camera_pos loc: 43
  camera_target loc: 46
  camera_up loc: 44
  vfov loc: 58
  aspect_ratio loc: 22
Quality: Medium (samples=4, depth=3)
Setting 10 spheres
Camera: 0, 1, 3
Sphere 0 center: (0, 0, -5.5) radius: 5
Sphere 1 center: (0, -5.5, 0) radius: 5
Sphere 2 center: (0, 5.5, 0) radius: 5
Sphere 3 center: (-5.5, 0, 0) radius: 5
Sphere 4 center: (5.5, 0, 0) radius: 5
Sphere 5 center: (0, 0, 0) radius: 0.5
Sphere 6 center: (-1.2, 0.2, -0.5) radius: 0.35
Sphere 7 center: (1.2, -0.1, -0.8) radius: 0.4
Sphere 8 center: (0, -0.5, 0.5) radius: 0.25
Sphere 9 center: (-0.6, -0.4, 0.8) radius: 0.2
Drawing...
Setting camera uniforms
  camera_pos loc: 43
  camera_target loc: 46
  camera_up loc: 44
  vfov loc: 58
  aspect_ratio loc: 22
Quality: Medium (samples=4, depth=3)
Setting 10 spheres
Camera: 0, 1, 3
Sphere 0 center: (0, 0, -5.5) radius: 5
Sphere 1 center: (0, -5.5, 0) radius: 5
Sphere 2 center: (0, 5.5, 0) radius: 5
Sphere 3 center: (-5.5, 0, 0) radius: 5
Sphere 4 center: (5.5, 0, 0) radius: 5
Sphere 5 center: (0, 0, 0) radius: 0.5
Sphere 6 center: (-1.2, 0.2, -0.5) radius: 0.35
Sphere 7 center: (1.2, -0.1, -0.8) radius: 0.4
Sphere 8 center: (0, -0.5, 0.5) radius: 0.25
Sphere 9 center: (-0.6, -0.4, 0.8) radius: 0.2
Drawing...
Setting camera uniforms
  camera_pos loc: 43
  camera_target loc: 46
  camera_up loc: 44
  vfov loc: 58
  aspect_ratio loc: 22
Quality: Medium (samples=4, depth=3)
Setting 10 spheres
Camera: 0, 1, 3
Sphere 0 center: (0, 0, -5.5) radius: 5
Sphere 1 center: (0, -5.5, 0) radius: 5
Sphere 2 center: (0, 5.5, 0) radius: 5
Sphere 3 center: (-5.5, 0, 0) radius: 5
Sphere 4 center: (5.5, 0, 0) radius: 5
Sphere 5 center: (0, 0, 0) radius: 0.5
Sphere 6 center: (-1.2, 0.2, -0.5) radius: 0.35
Sphere 7 center: (1.2, -0.1, -0.8) radius: 0.4
Sphere 8 center: (0, -0.5, 0.5) radius: 0.25
Sphere 9 center: (-0.6, -0.4, 0.8) radius: 0.2
Drawing...
Setting camera uniforms
  camera_pos loc: 43
  camera_target loc: 46
  camera_up loc: 44
  vfov loc: 58
  aspect_ratio loc: 22
Quality: Medium (samples=4, depth=3)
Setting 10 spheres
Camera: 0, 1, 3
Sphere 0 center: (0, 0, -5.5) radius: 5
Sphere 1 center: (0, -5.5, 0) radius: 5
Sphere 2 center: (0, 5.5, 0) radius: 5
Sphere 3 center: (-5.5, 0, 0) radius: 5
Sphere 4 center: (5.5, 0, 0) radius: 5
Sphere 5 center: (0, 0, 0) radius: 0.5
Sphere 6 center: (-1.2, 0.2, -0.5) radius: 0.35
Sphere 7 center: (1.2, -0.1, -0.8) radius: 0.4
Sphere 8 center: (0, -0.5, 0.5) radius: 0.25
Sphere 9 center: (-0.6, -0.4, 0.8) radius: 0.2
Drawing...
Setting camera uniforms
  camera_pos loc: 43
  camera_target loc: 46
  camera_up loc: 44
  vfov loc: 58
  aspect_ratio loc: 22
Quality: Medium (samples=4, depth=3)
Setting 10 spheres
Camera: 0, 1, 3
Sphere 0 center: (0, 0, -5.5) radius: 5
Sphere 1 center: (0, -5.5, 0) radius: 5
Sphere 2 center: (0, 5.5, 0) radius: 5
Sphere 3 center: (-5.5, 0, 0) radius: 5
Sphere 4 center: (5.5, 0, 0) radius: 5
Sphere 5 center: (0, 0, 0) radius: 0.5
Sphere 6 center: (-1.2, 0.2, -0.5) radius: 0.35
Sphere 7 center: (1.2, -0.1, -0.8) radius: 0.4
Sphere 8 center: (0, -0.5, 0.5) radius: 0.25
Sphere 9 center: (-0.6, -0.4, 0.8) radius: 0.2
Drawing...
